<?xml version="1.0" encoding="UTF-8"?>
<!-- Generated by org.testng.reporters.JUnitXMLReporter -->
<testsuite hostname="amagdy" ignored="0" name="Command line test" tests="3" failures="0" timestamp="2021-04-08T18:39:38 EET" time="2.827" errors="0">
  <testcase name="getProductRequestIfIEndPointIsInvalid" time="2.561" classname="BestBuy.BestBuy_Automation.Tests"/>
  <testcase name="getProductRequestIfIdIsInvalid" time="0.031" classname="BestBuy.BestBuy_Automation.Tests"/>
  <testcase name="getProductRequestIfIdIsValid" time="0.186" classname="BestBuy.BestBuy_Automation.Tests"/>
</testsuite> <!-- Command line test -->
